Enter the Jira Token String: Total Number of Incidents opened last week:  122
--------
0
Issue - INCIDENT-2316
Assigned to - Jonah Pressman
Application - netsuite
Tier - Free
Operation Type - FETCH
--------
1
Issue - INCIDENT-2315
Assigned to - Omri Farkash
Application - salesforce
Tier - Paying
Operation Type - FETCH
--------
2
Issue - INCIDENT-2314
Assigned to - Jonah Pressman
Application - netsuite
Tier - Free
Operation Type - Unknown
--------
3
Issue - INCIDENT-2313
Assigned to - Jonah Pressman
Application - salesforce
Tier - Free
Operation Type - FETCH
--------
4
Issue - INCIDENT-2312
Assigned to - Scott Dixon
Application - netsuite
Tier - Trial
Operation Type - FETCH
--------
5
Issue - INCIDENT-2311
Assigned to - Dan Avigdor
Application - salesforce
Tier - Paying
Operation Type - FETCH
--------
6
Issue - INCIDENT-2310
Assigned to - Dan Avigdor
Application - salesforce
Tier - Paying
Operation Type - FETCH
--------
7
Issue - INCIDENT-2309
Assigned to - Amit Goldberg
Application - salesforce
Tier - Paying
Operation Type - FETCH
--------
8
Issue - INCIDENT-2308
Assigned to - Amit Goldberg
Application - Unknown
Tier - Unknown
Operation Type - Unknown
--------
9
Issue - INCIDENT-2307
Assigned to - Amit Goldberg
Application - Unknown
Tier - Unknown
Operation Type - Unknown
--------
10
Issue - INCIDENT-2306
Assigned to - Jonah Pressman
Application - salesforce
Tier - Free
Operation Type - Unknown
--------
11
Issue - INCIDENT-2305
Assigned to - Jonah Pressman
Application - salesforce
Tier - Trial
Operation Type - FETCH
--------
12
Issue - INCIDENT-2304
Assigned to - Jonah Pressman
Application - Unknown
Tier - Unknown
Operation Type - Unknown
--------
13
Issue - INCIDENT-2303
Assigned to - Scott Dixon
Application - netsuite
Tier - Trial
Operation Type - DEPLOY
--------
14
Issue - INCIDENT-2302
Assigned to - Jonah Pressman
Application - netsuite
Tier - Trial
Operation Type - FETCH
--------
15
Issue - INCIDENT-2301
Assigned to - Jonah Pressman
Application - jira
Tier - Free
Operation Type - FETCH
--------
16
Issue - INCIDENT-2300
Assigned to - Jonah Pressman
Application - Unknown
Tier - Unknown
Operation Type - Unknown
--------
17
Issue - INCIDENT-2299
Assigned to - Jonah Pressman
Application - salesforce
Tier - Free
Operation Type - FETCH
--------
18
Issue - INCIDENT-2298
Assigned to - Scott Dixon
Application - Unknown
Tier - Trial
Operation Type - Unknown
--------
19
Issue - INCIDENT-2297
Assigned to - Scott Dixon
Application - netsuite
Tier - Pro
Operation Type - DEPLOY
--------
20
Issue - INCIDENT-2296
Assigned to - Jonah Pressman
Application - netsuite
Tier - Trial
Operation Type - FETCH
--------
21
Issue - INCIDENT-2295
Assigned to - Jonah Pressman
Application - salesforce
Tier - Unknown
Operation Type - FETCH
--------
22
Issue - INCIDENT-2294
Assigned to - Jonah Pressman
Application - Unknown
Tier - Unknown
Operation Type - Unknown
--------
23
Issue - INCIDENT-2293
Assigned to - Jonah Pressman
Application - salesforce
Tier - Free
Operation Type - FETCH
--------
24
Issue - INCIDENT-2292
Assigned to - Jonah Pressman
Application - Unknown
Tier - Unknown
Operation Type - Unknown
--------
25
Issue - INCIDENT-2291
Assigned to - Omri Farkash
Application - Unknown
Tier - Paying
Operation Type - Unknown
--------
26
Issue - INCIDENT-2290
Assigned to - Jonah Pressman
Application - salesforce
Tier - Free
Operation Type - FETCH
--------
27
Issue - INCIDENT-2289
Assigned to - Jonah Pressman
Application - salesforce
Tier - Free
Operation Type - FETCH
--------
28
Issue - INCIDENT-2288
Assigned to - Scott Dixon
Application - netsuite
Tier - Pro
Operation Type - Unknown
--------
29
Issue - INCIDENT-2287
Assigned to - Scott Dixon
Application - netsuite
Tier - Pro
Operation Type - Unknown
--------
30
Issue - INCIDENT-2286
Assigned to - Jonah Pressman
Application - Unknown
Tier - Unknown
Operation Type - Unknown
--------
31
Issue - INCIDENT-2285
Assigned to - Jonah Pressman
Application - Unknown
Tier - Unknown
Operation Type - Unknown
--------
32
Issue - INCIDENT-2284
Assigned to - Scott Dixon
Application - netsuite
Tier - Trial
Operation Type - DEPLOY
--------
33
Issue - INCIDENT-2283
Assigned to - Jonah Pressman
Application - netsuite
Tier - Trial
Operation Type - FETCH
--------
34
Issue - INCIDENT-2282
Assigned to - Jonah Pressman
Application - Unknown
Tier - Unknown
Operation Type - Unknown
--------
35
Issue - INCIDENT-2281
Assigned to - Jonah Pressman
Application - netsuite
Tier - Trial
Operation Type - Unknown
--------
36
Issue - INCIDENT-2280
Assigned to - Scott Dixon
Application - netsuite
Tier - Trial
Operation Type - Unknown
--------
37
Issue - INCIDENT-2279
Assigned to - Jonah Pressman
Application - salesforce
Tier - Free
Operation Type - FETCH
--------
38
Issue - INCIDENT-2278
Assigned to - Jonah Pressman
Application - netsuite
Tier - Trial
Operation Type - FETCH
--------
39
Issue - INCIDENT-2277
Assigned to - Jonah Pressman
Application - netsuite
Tier - Free
Operation Type - Unknown
--------
40
Issue - INCIDENT-2276
Assigned to - Jonah Pressman
Application - netsuite
Tier - Free
Operation Type - Unknown
--------
41
Issue - INCIDENT-2275
Assigned to - Eden Hassid
Application - zendesk
Tier - Trial
Operation Type - DEPLOY
--------
42
Issue - INCIDENT-2274
Assigned to - Jonah Pressman
Application - netsuite
Tier - Paying
Operation Type - Unknown
--------
43
Issue - INCIDENT-2273
Assigned to - Jonah Pressman
Application - salesforce
Tier - Trial
Operation Type - FETCH
--------
44
Issue - INCIDENT-2272
Assigned to - Jonah Pressman
Application - netsuite
Tier - Paying
Operation Type - Unknown
--------
45
Issue - INCIDENT-2271
Assigned to - Jonah Pressman
Application - zendesk
Tier - Trial
Operation Type - FETCH
--------
46
Issue - INCIDENT-2270
Assigned to - Dan Putman
Application - netsuite
Tier - Paying
Operation Type - Unknown
--------
47
Issue - INCIDENT-2269
Assigned to - Scott Dixon
Application - netsuite
Tier - Pro
Operation Type - Unknown
--------
48
Issue - INCIDENT-2268
Assigned to - Scott Dixon
Application - netsuite
Tier - Pro
Operation Type - Unknown
--------
49
Issue - INCIDENT-2267
Assigned to - Scott Dixon
Application - netsuite
Tier - Trial
Operation Type - FETCH
